<?xml version="1.0" encoding="UTF-8" ?>
<testsuite errors="0" failures="0" hostname="MiguelFerreira" name="MensagemTest" skipped="0" tests="3" time="0.053" timestamp="2020-03-24T17:08:01">
  <properties>
    <property name="java.vendor" value="Oracle Corporation" />
    <property name="lib.dir" value="lib" />
    <property name="sun.java.launcher" value="SUN_STANDARD" />
    <property name="sun.management.compiler" value="HotSpot 64-Bit Tiered Compilers" />
    <property name="os.name" value="Windows 10" />
    <property name="sun.boot.class.path" value="C:\Program Files\Java\jdk1.8.0_91\jre\lib\resources.jar;C:\Program Files\Java\jdk1.8.0_91\jre\lib\rt.jar;C:\Program Files\Java\jdk1.8.0_91\jre\lib\sunrsasign.jar;C:\Program Files\Java\jdk1.8.0_91\jre\lib\jsse.jar;C:\Program Files\Java\jdk1.8.0_91\jre\lib\jce.jar;C:\Program Files\Java\jdk1.8.0_91\jre\lib\charsets.jar;C:\Program Files\Java\jdk1.8.0_91\jre\lib\jfr.jar;C:\Program Files\Java\jdk1.8.0_91\jre\classes" />
    <property name="sun.desktop" value="windows" />
    <property name="java.vm.specification.vendor" value="Oracle Corporation" />
    <property name="ant.home" value="C:\apache-ant-1.9.14" />
    <property name="jar.dir" value="build/jar" />
    <property name="java.runtime.version" value="1.8.0_91-b14" />
    <property name="user.name" value="Miguel Ferreira" />
    <property name="build.dir" value="build" />
    <property name="user.language" value="pt" />
    <property name="sun.boot.library.path" value="C:\Program Files\Java\jdk1.8.0_91\jre\bin" />
    <property name="ant.project.default-target" value="main" />
    <property name="ant.project.name" value="AntProj2" />
    <property name="java.version" value="1.8.0_91" />
    <property name="user.timezone" value="" />
    <property name="ant.file.AntProj2" value="C:\Users\Miguel Ferreira\Desktop\AntProj2\build2.xml" />
    <property name="sun.arch.data.model" value="64" />
    <property name="java.endorsed.dirs" value="C:\Program Files\Java\jdk1.8.0_91\jre\lib\endorsed" />
    <property name="sun.cpu.isalist" value="amd64" />
    <property name="sun.jnu.encoding" value="Cp1252" />
    <property name="file.encoding.pkg" value="sun.io" />
    <property name="file.separator" value="\" />
    <property name="java.specification.name" value="Java Platform API Specification" />
    <property name="classes.dir" value="build/classes" />
    <property name="java.class.version" value="52.0" />
    <property name="user.country" value="PT" />
    <property name="java.home" value="C:\Program Files\Java\jdk1.8.0_91\jre" />
    <property name="java.vm.info" value="mixed mode" />
    <property name="main-class" value="antproj2.AntProj2" />
    <property name="ant.file" value="C:\Users\Miguel Ferreira\Desktop\AntProj2\build2.xml" />
    <property name="os.version" value="10.0" />
    <property name="path.separator" value=";" />
    <property name="java.vm.version" value="25.91-b14" />
    <property name="report.dir" value="build/junitreport" />
    <property name="user.variant" value="" />
    <property name="ant.library.dir" value="C:\apache-ant-1.9.14\lib" />
    <property name="java.awt.printerjob" value="sun.awt.windows.WPrinterJob" />
    <property name="sun.io.unicode.encoding" value="UnicodeLittle" />
    <property name="awt.toolkit" value="sun.awt.windows.WToolkit" />
    <property name="sun.stdout.encoding" value="cp850" />
    <property name="user.script" value="" />
    <property name="user.home" value="C:\Users\Miguel Ferreira" />
    <property name="java.specification.vendor" value="Oracle Corporation" />
    <property name="test.dir" value="test" />
    <property name="java.library.path" value="C:\Program Files\Java\jdk1.8.0_91\jre\bin;C:\WINDOWS\Sun\Java\bin;C:\WINDOWS\system32;C:\WINDOWS;C:\ProgramData\Oracle\Java\javapath;C:\Program Files (x86)\NVIDIA Corporation\PhysX\Common;C:\Program Files (x86)\Intel\iCLS Client\;C:\Program Files\Intel\iCLS Client\;C:\WINDOWS\system32;C:\WINDOWS;C:\WINDOWS\System32\Wbem;C:\WINDOWS\System32\WindowsPowerShell\v1.0\;C:\Program Files\Intel\Intel(R) Management Engine Components\DAL;C:\Program Files\Intel\Intel(R) Management Engine Components\IPT;C:\Program Files (x86)\Intel\Intel(R) Management Engine Components\DAL;C:\Program Files (x86)\Intel\Intel(R) Management Engine Components\IPT;C:\Program Files\Intel\WiFi\bin\;C:\Program Files\Common Files\Intel\WirelessCommon\;C:\WINDOWS\System32\OpenSSH\;C:\Program Files\Apache\apache-maven-3.5.3\bin;C:\Program Files\Apache\apache-maven-3.5.3\bin;C:\Program Files\Java\jdk1.8.0_91\bin;%JRE_HOME%\bin;C:\Program Files\Microsoft SQL Server\130\Tools\Binn\;C:\Program Files\dotnet\;C:\Program Files\nodejs\;C:\Program Files\Git\cmd;C:\Program Files\Docker\Docker\resources\bin;C:\ProgramData\DockerDesktop\version-bin;C:\apache-ant-1.9.14\bin;C:\Program Files\Intel\WiFi\bin\;C:\Program Files\Common Files\Intel\WirelessCommon\;C:\Users\Miguel Ferreira\AppData\Local\Microsoft\WindowsApps;;C:\Users\Miguel Ferreira\AppData\Local\Programs\Microsoft VS Code\bin;C:\Users\Miguel Ferreira\.dotnet\tools;C:\Users\Miguel Ferreira\AppData\Local\Microsoft\WindowsApps;C:\Users\Miguel Ferreira\AppData\Roaming\npm;." />
    <property name="java.vendor.url" value="http://java.oracle.com/" />
    <property name="java.vm.vendor" value="Oracle Corporation" />
    <property name="java.runtime.name" value="Java(TM) SE Runtime Environment" />
    <property name="sun.java.command" value="org.apache.tools.ant.taskdefs.optional.junit.JUnitTestRunner MensagemTest skipNonTests=false filtertrace=true haltOnError=false haltOnFailure=false formatter=org.apache.tools.ant.taskdefs.optional.junit.SummaryJUnitResultFormatter showoutput=false outputtoformatters=true logfailedtests=true threadid=0 logtestlistenerevents=false formatter=org.apache.tools.ant.taskdefs.optional.junit.XMLJUnitResultFormatter,C:\Users\Miguel Ferreira\Desktop\AntProj2\build\junitreport\TEST-MensagemTest.xml crashfile=C:\Users\Miguel Ferreira\Desktop\AntProj2\junitvmwatcher1964549365234615463.properties propsfile=C:\Users\Miguel Ferreira\Desktop\AntProj2\junit7759231183142012618.properties" />
    <property name="java.class.path" value="C:\Users\Miguel Ferreira\Desktop\AntProj2\lib\hamcrest-core-1.3.jar;C:\Users\Miguel Ferreira\Desktop\AntProj2\lib\junit-4.12.jar;C:\Users\Miguel Ferreira\Desktop\AntProj2\build\jar\AntProj2.jar;C:\apache-ant-1.9.14\lib\ant-launcher.jar;C:\apache-ant-1.9.14\lib\ant.jar;C:\apache-ant-1.9.14\lib\ant-junit.jar;C:\apache-ant-1.9.14\lib\ant-junit4.jar" />
    <property name="ant.version" value="Apache Ant(TM) version 1.9.14 compiled on March 12 2019" />
    <property name="java.vm.specification.name" value="Java Virtual Machine Specification" />
    <property name="ant.file.type" value="file" />
    <property name="java.vm.specification.version" value="1.8" />
    <property name="sun.cpu.endian" value="little" />
    <property name="sun.os.patch.level" value="" />
    <property name="java.io.tmpdir" value="C:\Users\MIGUEL~1\AppData\Local\Temp\" />
    <property name="java.vendor.url.bug" value="http://bugreport.sun.com/bugreport/" />
    <property name="os.arch" value="amd64" />
    <property name="java.awt.graphicsenv" value="sun.awt.Win32GraphicsEnvironment" />
    <property name="java.ext.dirs" value="C:\Program Files\Java\jdk1.8.0_91\jre\lib\ext;C:\WINDOWS\Sun\Java\lib\ext" />
    <property name="user.dir" value="C:\Users\Miguel Ferreira\Desktop\AntProj2" />
    <property name="line.separator" value="&#xd;&#xa;" />
    <property name="java.vm.name" value="Java HotSpot(TM) 64-Bit Server VM" />
    <property name="basedir" value="C:\Users\Miguel Ferreira\Desktop\AntProj2" />
    <property name="ant.java.version" value="1.8" />
    <property name="ant.core.lib" value="C:\apache-ant-1.9.14\lib\ant.jar" />
    <property name="sun.stderr.encoding" value="cp850" />
    <property name="file.encoding" value="Cp1252" />
    <property name="ant.file.type.AntProj2" value="file" />
    <property name="java.specification.version" value="1.8" />
    <property name="src.dir" value="src" />
    <property name="ant.project.invoked-targets" value="junit" />
  </properties>
  <testcase classname="MensagemTest" name="getMessageTestNotNull" time="0.001" />
  <testcase classname="MensagemTest" name="getMessageTestTrue" time="0.0" />
  <testcase classname="MensagemTest" name="getMessageTestFalse" time="0.0" />
  <system-out><![CDATA[]]></system-out>
  <system-err><![CDATA[]]></system-err>
</testsuite>
